CRITICAL - 2023-09-24 10:40:42 --> Undefined variable $playlist
in APPPATH\Views\music_all_in_one.php on line 67.
 1 APPPATH\Views\music_all_in_one.php(67): CodeIgniter\Debug\Exceptions->errorHandler(2, 'Undefined variable $playlist', 'C:\\laragon\\www\\music\\music\\app\\Views\\music_all_in_one.php', 67)
 2 SYSTEMPATH\View\View.php(226): include('C:\\laragon\\www\\music\\music\\app\\Views\\music_all_in_one.php')
 3 SYSTEMPATH\View\View.php(229): CodeIgniter\View\View->CodeIgniter\View\{closure}()
 4 SYSTEMPATH\Common.php(1188): CodeIgniter\View\View->render('music_all_in_one', [], true)
 5 APPPATH\Controllers\MusicController.php(17): view('music_all_in_one', [...])
 6 SYSTEMPATH\CodeIgniter.php(919): App\Controllers\MusicController->index()
 7 SYSTEMPATH\CodeIgniter.php(494): CodeIgniter\CodeIgniter->runController(Object(App\Controllers\MusicController))
 8 SYSTEMPATH\CodeIgniter.php(353): CodeIgniter\CodeIgniter->handleRequest(null, Object(Config\Cache), false)
 9 FCPATH\index.php(79): CodeIgniter\CodeIgniter->run()
10 SYSTEMPATH\Commands\Server\rewrite.php(47): require_once('C:\\laragon\\www\\music\\music\\public\\index.php')
CRITICAL - 2023-09-24 10:41:57 --> Undefined variable $playlist
in APPPATH\Views\music_all_in_one.php on line 66.
 1 APPPATH\Views\music_all_in_one.php(66): CodeIgniter\Debug\Exceptions->errorHandler(2, 'Undefined variable $playlist', 'C:\\laragon\\www\\music\\music\\app\\Views\\music_all_in_one.php', 66)
 2 SYSTEMPATH\View\View.php(226): include('C:\\laragon\\www\\music\\music\\app\\Views\\music_all_in_one.php')
 3 SYSTEMPATH\View\View.php(229): CodeIgniter\View\View->CodeIgniter\View\{closure}()
 4 SYSTEMPATH\Common.php(1188): CodeIgniter\View\View->render('music_all_in_one', [], true)
 5 APPPATH\Controllers\MusicController.php(17): view('music_all_in_one', [...])
 6 SYSTEMPATH\CodeIgniter.php(919): App\Controllers\MusicController->index()
 7 SYSTEMPATH\CodeIgniter.php(494): CodeIgniter\CodeIgniter->runController(Object(App\Controllers\MusicController))
 8 SYSTEMPATH\CodeIgniter.php(353): CodeIgniter\CodeIgniter->handleRequest(null, Object(Config\Cache), false)
 9 FCPATH\index.php(79): CodeIgniter\CodeIgniter->run()
10 SYSTEMPATH\Commands\Server\rewrite.php(47): require_once('C:\\laragon\\www\\music\\music\\public\\index.php')
CRITICAL - 2023-09-24 10:42:38 --> Undefined variable $playlist
in APPPATH\Views\music_all_in_one.php on line 66.
 1 APPPATH\Views\music_all_in_one.php(66): CodeIgniter\Debug\Exceptions->errorHandler(2, 'Undefined variable $playlist', 'C:\\laragon\\www\\music\\music\\app\\Views\\music_all_in_one.php', 66)
 2 SYSTEMPATH\View\View.php(226): include('C:\\laragon\\www\\music\\music\\app\\Views\\music_all_in_one.php')
 3 SYSTEMPATH\View\View.php(229): CodeIgniter\View\View->CodeIgniter\View\{closure}()
 4 SYSTEMPATH\Common.php(1188): CodeIgniter\View\View->render('music_all_in_one', [], true)
 5 APPPATH\Controllers\MusicController.php(17): view('music_all_in_one', [...])
 6 SYSTEMPATH\CodeIgniter.php(919): App\Controllers\MusicController->index()
 7 SYSTEMPATH\CodeIgniter.php(494): CodeIgniter\CodeIgniter->runController(Object(App\Controllers\MusicController))
 8 SYSTEMPATH\CodeIgniter.php(353): CodeIgniter\CodeIgniter->handleRequest(null, Object(Config\Cache), false)
 9 FCPATH\index.php(79): CodeIgniter\CodeIgniter->run()
10 SYSTEMPATH\Commands\Server\rewrite.php(47): require_once('C:\\laragon\\www\\music\\music\\public\\index.php')
CRITICAL - 2023-09-24 10:42:39 --> Undefined variable $playlist
in APPPATH\Views\music_all_in_one.php on line 66.
 1 APPPATH\Views\music_all_in_one.php(66): CodeIgniter\Debug\Exceptions->errorHandler(2, 'Undefined variable $playlist', 'C:\\laragon\\www\\music\\music\\app\\Views\\music_all_in_one.php', 66)
 2 SYSTEMPATH\View\View.php(226): include('C:\\laragon\\www\\music\\music\\app\\Views\\music_all_in_one.php')
 3 SYSTEMPATH\View\View.php(229): CodeIgniter\View\View->CodeIgniter\View\{closure}()
 4 SYSTEMPATH\Common.php(1188): CodeIgniter\View\View->render('music_all_in_one', [], true)
 5 APPPATH\Controllers\MusicController.php(17): view('music_all_in_one', [...])
 6 SYSTEMPATH\CodeIgniter.php(919): App\Controllers\MusicController->index()
 7 SYSTEMPATH\CodeIgniter.php(494): CodeIgniter\CodeIgniter->runController(Object(App\Controllers\MusicController))
 8 SYSTEMPATH\CodeIgniter.php(353): CodeIgniter\CodeIgniter->handleRequest(null, Object(Config\Cache), false)
 9 FCPATH\index.php(79): CodeIgniter\CodeIgniter->run()
10 SYSTEMPATH\Commands\Server\rewrite.php(47): require_once('C:\\laragon\\www\\music\\music\\public\\index.php')
CRITICAL - 2023-09-24 10:42:39 --> Undefined variable $playlist
in APPPATH\Views\music_all_in_one.php on line 66.
 1 APPPATH\Views\music_all_in_one.php(66): CodeIgniter\Debug\Exceptions->errorHandler(2, 'Undefined variable $playlist', 'C:\\laragon\\www\\music\\music\\app\\Views\\music_all_in_one.php', 66)
 2 SYSTEMPATH\View\View.php(226): include('C:\\laragon\\www\\music\\music\\app\\Views\\music_all_in_one.php')
 3 SYSTEMPATH\View\View.php(229): CodeIgniter\View\View->CodeIgniter\View\{closure}()
 4 SYSTEMPATH\Common.php(1188): CodeIgniter\View\View->render('music_all_in_one', [], true)
 5 APPPATH\Controllers\MusicController.php(17): view('music_all_in_one', [...])
 6 SYSTEMPATH\CodeIgniter.php(919): App\Controllers\MusicController->index()
 7 SYSTEMPATH\CodeIgniter.php(494): CodeIgniter\CodeIgniter->runController(Object(App\Controllers\MusicController))
 8 SYSTEMPATH\CodeIgniter.php(353): CodeIgniter\CodeIgniter->handleRequest(null, Object(Config\Cache), false)
 9 FCPATH\index.php(79): CodeIgniter\CodeIgniter->run()
10 SYSTEMPATH\Commands\Server\rewrite.php(47): require_once('C:\\laragon\\www\\music\\music\\public\\index.php')
CRITICAL - 2023-09-24 10:45:56 --> Undefined variable $music
in APPPATH\Views\music_all_in_one.php on line 34.
 1 APPPATH\Views\music_all_in_one.php(34): CodeIgniter\Debug\Exceptions->errorHandler(2, 'Undefined variable $music', 'C:\\laragon\\www\\music\\music\\app\\Views\\music_all_in_one.php', 34)
 2 SYSTEMPATH\View\View.php(226): include('C:\\laragon\\www\\music\\music\\app\\Views\\music_all_in_one.php')
 3 SYSTEMPATH\View\View.php(229): CodeIgniter\View\View->CodeIgniter\View\{closure}()
 4 SYSTEMPATH\Common.php(1188): CodeIgniter\View\View->render('music_all_in_one', [], true)
 5 APPPATH\Controllers\MusicController.php(68): view('music_all_in_one', [...])
 6 SYSTEMPATH\CodeIgniter.php(919): App\Controllers\MusicController->play('12')
 7 SYSTEMPATH\CodeIgniter.php(494): CodeIgniter\CodeIgniter->runController(Object(App\Controllers\MusicController))
 8 SYSTEMPATH\CodeIgniter.php(353): CodeIgniter\CodeIgniter->handleRequest(null, Object(Config\Cache), false)
 9 FCPATH\index.php(79): CodeIgniter\CodeIgniter->run()
10 SYSTEMPATH\Commands\Server\rewrite.php(47): require_once('C:\\laragon\\www\\music\\music\\public\\index.php')
CRITICAL - 2023-09-24 10:46:49 --> Undefined variable $music
in APPPATH\Views\music_all_in_one.php on line 34.
 1 APPPATH\Views\music_all_in_one.php(34): CodeIgniter\Debug\Exceptions->errorHandler(2, 'Undefined variable $music', 'C:\\laragon\\www\\music\\music\\app\\Views\\music_all_in_one.php', 34)
 2 SYSTEMPATH\View\View.php(226): include('C:\\laragon\\www\\music\\music\\app\\Views\\music_all_in_one.php')
 3 SYSTEMPATH\View\View.php(229): CodeIgniter\View\View->CodeIgniter\View\{closure}()
 4 SYSTEMPATH\Common.php(1188): CodeIgniter\View\View->render('music_all_in_one', [], true)
 5 APPPATH\Controllers\MusicController.php(68): view('music_all_in_one', [...])
 6 SYSTEMPATH\CodeIgniter.php(919): App\Controllers\MusicController->play('12')
 7 SYSTEMPATH\CodeIgniter.php(494): CodeIgniter\CodeIgniter->runController(Object(App\Controllers\MusicController))
 8 SYSTEMPATH\CodeIgniter.php(353): CodeIgniter\CodeIgniter->handleRequest(null, Object(Config\Cache), false)
 9 FCPATH\index.php(79): CodeIgniter\CodeIgniter->run()
10 SYSTEMPATH\Commands\Server\rewrite.php(47): require_once('C:\\laragon\\www\\music\\music\\public\\index.php')
CRITICAL - 2023-09-24 10:47:10 --> Undefined variable $music
in APPPATH\Views\music_all_in_one.php on line 34.
 1 APPPATH\Views\music_all_in_one.php(34): CodeIgniter\Debug\Exceptions->errorHandler(2, 'Undefined variable $music', 'C:\\laragon\\www\\music\\music\\app\\Views\\music_all_in_one.php', 34)
 2 SYSTEMPATH\View\View.php(226): include('C:\\laragon\\www\\music\\music\\app\\Views\\music_all_in_one.php')
 3 SYSTEMPATH\View\View.php(229): CodeIgniter\View\View->CodeIgniter\View\{closure}()
 4 SYSTEMPATH\Common.php(1188): CodeIgniter\View\View->render('music_all_in_one', [], true)
 5 APPPATH\Controllers\MusicController.php(68): view('music_all_in_one', [...])
 6 SYSTEMPATH\CodeIgniter.php(919): App\Controllers\MusicController->play('12')
 7 SYSTEMPATH\CodeIgniter.php(494): CodeIgniter\CodeIgniter->runController(Object(App\Controllers\MusicController))
 8 SYSTEMPATH\CodeIgniter.php(353): CodeIgniter\CodeIgniter->handleRequest(null, Object(Config\Cache), false)
 9 FCPATH\index.php(79): CodeIgniter\CodeIgniter->run()
10 SYSTEMPATH\Commands\Server\rewrite.php(47): require_once('C:\\laragon\\www\\music\\music\\public\\index.php')
CRITICAL - 2023-09-24 10:47:11 --> Undefined variable $music
in APPPATH\Views\music_all_in_one.php on line 34.
 1 APPPATH\Views\music_all_in_one.php(34): CodeIgniter\Debug\Exceptions->errorHandler(2, 'Undefined variable $music', 'C:\\laragon\\www\\music\\music\\app\\Views\\music_all_in_one.php', 34)
 2 SYSTEMPATH\View\View.php(226): include('C:\\laragon\\www\\music\\music\\app\\Views\\music_all_in_one.php')
 3 SYSTEMPATH\View\View.php(229): CodeIgniter\View\View->CodeIgniter\View\{closure}()
 4 SYSTEMPATH\Common.php(1188): CodeIgniter\View\View->render('music_all_in_one', [], true)
 5 APPPATH\Controllers\MusicController.php(68): view('music_all_in_one', [...])
 6 SYSTEMPATH\CodeIgniter.php(919): App\Controllers\MusicController->play('12')
 7 SYSTEMPATH\CodeIgniter.php(494): CodeIgniter\CodeIgniter->runController(Object(App\Controllers\MusicController))
 8 SYSTEMPATH\CodeIgniter.php(353): CodeIgniter\CodeIgniter->handleRequest(null, Object(Config\Cache), false)
 9 FCPATH\index.php(79): CodeIgniter\CodeIgniter->run()
10 SYSTEMPATH\Commands\Server\rewrite.php(47): require_once('C:\\laragon\\www\\music\\music\\public\\index.php')
CRITICAL - 2023-09-24 10:47:11 --> Undefined variable $music
in APPPATH\Views\music_all_in_one.php on line 34.
 1 APPPATH\Views\music_all_in_one.php(34): CodeIgniter\Debug\Exceptions->errorHandler(2, 'Undefined variable $music', 'C:\\laragon\\www\\music\\music\\app\\Views\\music_all_in_one.php', 34)
 2 SYSTEMPATH\View\View.php(226): include('C:\\laragon\\www\\music\\music\\app\\Views\\music_all_in_one.php')
 3 SYSTEMPATH\View\View.php(229): CodeIgniter\View\View->CodeIgniter\View\{closure}()
 4 SYSTEMPATH\Common.php(1188): CodeIgniter\View\View->render('music_all_in_one', [], true)
 5 APPPATH\Controllers\MusicController.php(68): view('music_all_in_one', [...])
 6 SYSTEMPATH\CodeIgniter.php(919): App\Controllers\MusicController->play('12')
 7 SYSTEMPATH\CodeIgniter.php(494): CodeIgniter\CodeIgniter->runController(Object(App\Controllers\MusicController))
 8 SYSTEMPATH\CodeIgniter.php(353): CodeIgniter\CodeIgniter->handleRequest(null, Object(Config\Cache), false)
 9 FCPATH\index.php(79): CodeIgniter\CodeIgniter->run()
10 SYSTEMPATH\Commands\Server\rewrite.php(47): require_once('C:\\laragon\\www\\music\\music\\public\\index.php')
CRITICAL - 2023-09-24 10:47:11 --> Undefined variable $music
in APPPATH\Views\music_all_in_one.php on line 34.
 1 APPPATH\Views\music_all_in_one.php(34): CodeIgniter\Debug\Exceptions->errorHandler(2, 'Undefined variable $music', 'C:\\laragon\\www\\music\\music\\app\\Views\\music_all_in_one.php', 34)
 2 SYSTEMPATH\View\View.php(226): include('C:\\laragon\\www\\music\\music\\app\\Views\\music_all_in_one.php')
 3 SYSTEMPATH\View\View.php(229): CodeIgniter\View\View->CodeIgniter\View\{closure}()
 4 SYSTEMPATH\Common.php(1188): CodeIgniter\View\View->render('music_all_in_one', [], true)
 5 APPPATH\Controllers\MusicController.php(68): view('music_all_in_one', [...])
 6 SYSTEMPATH\CodeIgniter.php(919): App\Controllers\MusicController->play('12')
 7 SYSTEMPATH\CodeIgniter.php(494): CodeIgniter\CodeIgniter->runController(Object(App\Controllers\MusicController))
 8 SYSTEMPATH\CodeIgniter.php(353): CodeIgniter\CodeIgniter->handleRequest(null, Object(Config\Cache), false)
 9 FCPATH\index.php(79): CodeIgniter\CodeIgniter->run()
10 SYSTEMPATH\Commands\Server\rewrite.php(47): require_once('C:\\laragon\\www\\music\\music\\public\\index.php')
CRITICAL - 2023-09-24 10:47:14 --> Undefined variable $music
in APPPATH\Views\music_all_in_one.php on line 34.
 1 APPPATH\Views\music_all_in_one.php(34): CodeIgniter\Debug\Exceptions->errorHandler(2, 'Undefined variable $music', 'C:\\laragon\\www\\music\\music\\app\\Views\\music_all_in_one.php', 34)
 2 SYSTEMPATH\View\View.php(226): include('C:\\laragon\\www\\music\\music\\app\\Views\\music_all_in_one.php')
 3 SYSTEMPATH\View\View.php(229): CodeIgniter\View\View->CodeIgniter\View\{closure}()
 4 SYSTEMPATH\Common.php(1188): CodeIgniter\View\View->render('music_all_in_one', [], true)
 5 APPPATH\Controllers\MusicController.php(68): view('music_all_in_one', [...])
 6 SYSTEMPATH\CodeIgniter.php(919): App\Controllers\MusicController->play('14')
 7 SYSTEMPATH\CodeIgniter.php(494): CodeIgniter\CodeIgniter->runController(Object(App\Controllers\MusicController))
 8 SYSTEMPATH\CodeIgniter.php(353): CodeIgniter\CodeIgniter->handleRequest(null, Object(Config\Cache), false)
 9 FCPATH\index.php(79): CodeIgniter\CodeIgniter->run()
10 SYSTEMPATH\Commands\Server\rewrite.php(47): require_once('C:\\laragon\\www\\music\\music\\public\\index.php')
CRITICAL - 2023-09-24 10:48:04 --> Undefined variable $music
in APPPATH\Views\music_all_in_one.php on line 34.
 1 APPPATH\Views\music_all_in_one.php(34): CodeIgniter\Debug\Exceptions->errorHandler(2, 'Undefined variable $music', 'C:\\laragon\\www\\music\\music\\app\\Views\\music_all_in_one.php', 34)
 2 SYSTEMPATH\View\View.php(226): include('C:\\laragon\\www\\music\\music\\app\\Views\\music_all_in_one.php')
 3 SYSTEMPATH\View\View.php(229): CodeIgniter\View\View->CodeIgniter\View\{closure}()
 4 SYSTEMPATH\Common.php(1188): CodeIgniter\View\View->render('music_all_in_one', [], true)
 5 APPPATH\Controllers\MusicController.php(68): view('music_all_in_one', [...])
 6 SYSTEMPATH\CodeIgniter.php(919): App\Controllers\MusicController->play('15')
 7 SYSTEMPATH\CodeIgniter.php(494): CodeIgniter\CodeIgniter->runController(Object(App\Controllers\MusicController))
 8 SYSTEMPATH\CodeIgniter.php(353): CodeIgniter\CodeIgniter->handleRequest(null, Object(Config\Cache), false)
 9 FCPATH\index.php(79): CodeIgniter\CodeIgniter->run()
10 SYSTEMPATH\Commands\Server\rewrite.php(47): require_once('C:\\laragon\\www\\music\\music\\public\\index.php')
CRITICAL - 2023-09-24 10:50:20 --> Undefined variable $music
in APPPATH\Views\music_all_in_one.php on line 34.
 1 APPPATH\Views\music_all_in_one.php(34): CodeIgniter\Debug\Exceptions->errorHandler(2, 'Undefined variable $music', 'C:\\laragon\\www\\music\\music\\app\\Views\\music_all_in_one.php', 34)
 2 SYSTEMPATH\View\View.php(226): include('C:\\laragon\\www\\music\\music\\app\\Views\\music_all_in_one.php')
 3 SYSTEMPATH\View\View.php(229): CodeIgniter\View\View->CodeIgniter\View\{closure}()
 4 SYSTEMPATH\Common.php(1188): CodeIgniter\View\View->render('music_all_in_one', [], true)
 5 APPPATH\Controllers\MusicController.php(69): view('music_all_in_one', [...])
 6 SYSTEMPATH\CodeIgniter.php(919): App\Controllers\MusicController->play('15')
 7 SYSTEMPATH\CodeIgniter.php(494): CodeIgniter\CodeIgniter->runController(Object(App\Controllers\MusicController))
 8 SYSTEMPATH\CodeIgniter.php(353): CodeIgniter\CodeIgniter->handleRequest(null, Object(Config\Cache), false)
 9 FCPATH\index.php(79): CodeIgniter\CodeIgniter->run()
10 SYSTEMPATH\Commands\Server\rewrite.php(47): require_once('C:\\laragon\\www\\music\\music\\public\\index.php')
CRITICAL - 2023-09-24 10:53:54 --> Invalid file: "music_play.php"
in SYSTEMPATH\Exceptions\FrameworkException.php on line 39.
 1 SYSTEMPATH\View\View.php(214): CodeIgniter\Exceptions\FrameworkException::forInvalidFile('music_play.php')
 2 SYSTEMPATH\Common.php(1188): CodeIgniter\View\View->render('music_play', [], true)
 3 APPPATH\Controllers\MusicController.php(65): view('music_play', [...])
 4 SYSTEMPATH\CodeIgniter.php(919): App\Controllers\MusicController->play('15')
 5 SYSTEMPATH\CodeIgniter.php(494): CodeIgniter\CodeIgniter->runController(Object(App\Controllers\MusicController))
 6 SYSTEMPATH\CodeIgniter.php(353): CodeIgniter\CodeIgniter->handleRequest(null, Object(Config\Cache), false)
 7 FCPATH\index.php(79): CodeIgniter\CodeIgniter->run()
 8 SYSTEMPATH\Commands\Server\rewrite.php(47): require_once('C:\\laragon\\www\\music\\music\\public\\index.php')
CRITICAL - 2023-09-24 10:55:05 --> Undefined variable $music
in APPPATH\Views\music_all_in_one.php on line 34.
 1 APPPATH\Views\music_all_in_one.php(34): CodeIgniter\Debug\Exceptions->errorHandler(2, 'Undefined variable $music', 'C:\\laragon\\www\\music\\music\\app\\Views\\music_all_in_one.php', 34)
 2 SYSTEMPATH\View\View.php(226): include('C:\\laragon\\www\\music\\music\\app\\Views\\music_all_in_one.php')
 3 SYSTEMPATH\View\View.php(229): CodeIgniter\View\View->CodeIgniter\View\{closure}()
 4 SYSTEMPATH\Common.php(1188): CodeIgniter\View\View->render('music_all_in_one', [], true)
 5 APPPATH\Controllers\MusicController.php(69): view('music_all_in_one', [...])
 6 SYSTEMPATH\CodeIgniter.php(919): App\Controllers\MusicController->play('15')
 7 SYSTEMPATH\CodeIgniter.php(494): CodeIgniter\CodeIgniter->runController(Object(App\Controllers\MusicController))
 8 SYSTEMPATH\CodeIgniter.php(353): CodeIgniter\CodeIgniter->handleRequest(null, Object(Config\Cache), false)
 9 FCPATH\index.php(79): CodeIgniter\CodeIgniter->run()
10 SYSTEMPATH\Commands\Server\rewrite.php(47): require_once('C:\\laragon\\www\\music\\music\\public\\index.php')
CRITICAL - 2023-09-24 10:55:51 --> Undefined variable $music
in APPPATH\Views\music_all_in_one.php on line 34.
 1 APPPATH\Views\music_all_in_one.php(34): CodeIgniter\Debug\Exceptions->errorHandler(2, 'Undefined variable $music', 'C:\\laragon\\www\\music\\music\\app\\Views\\music_all_in_one.php', 34)
 2 SYSTEMPATH\View\View.php(226): include('C:\\laragon\\www\\music\\music\\app\\Views\\music_all_in_one.php')
 3 SYSTEMPATH\View\View.php(229): CodeIgniter\View\View->CodeIgniter\View\{closure}()
 4 SYSTEMPATH\Common.php(1188): CodeIgniter\View\View->render('music_all_in_one', [], true)
 5 APPPATH\Controllers\MusicController.php(69): view('music_all_in_one', [...])
 6 SYSTEMPATH\CodeIgniter.php(919): App\Controllers\MusicController->play('12')
 7 SYSTEMPATH\CodeIgniter.php(494): CodeIgniter\CodeIgniter->runController(Object(App\Controllers\MusicController))
 8 SYSTEMPATH\CodeIgniter.php(353): CodeIgniter\CodeIgniter->handleRequest(null, Object(Config\Cache), false)
 9 FCPATH\index.php(79): CodeIgniter\CodeIgniter->run()
10 SYSTEMPATH\Commands\Server\rewrite.php(47): require_once('C:\\laragon\\www\\music\\music\\public\\index.php')
CRITICAL - 2023-09-24 10:56:10 --> Undefined variable $music
in APPPATH\Views\music_all_in_one.php on line 34.
 1 APPPATH\Views\music_all_in_one.php(34): CodeIgniter\Debug\Exceptions->errorHandler(2, 'Undefined variable $music', 'C:\\laragon\\www\\music\\music\\app\\Views\\music_all_in_one.php', 34)
 2 SYSTEMPATH\View\View.php(226): include('C:\\laragon\\www\\music\\music\\app\\Views\\music_all_in_one.php')
 3 SYSTEMPATH\View\View.php(229): CodeIgniter\View\View->CodeIgniter\View\{closure}()
 4 SYSTEMPATH\Common.php(1188): CodeIgniter\View\View->render('music_all_in_one', [], true)
 5 APPPATH\Controllers\MusicController.php(73): view('music_all_in_one', [...])
 6 SYSTEMPATH\CodeIgniter.php(919): App\Controllers\MusicController->play('12')
 7 SYSTEMPATH\CodeIgniter.php(494): CodeIgniter\CodeIgniter->runController(Object(App\Controllers\MusicController))
 8 SYSTEMPATH\CodeIgniter.php(353): CodeIgniter\CodeIgniter->handleRequest(null, Object(Config\Cache), false)
 9 FCPATH\index.php(79): CodeIgniter\CodeIgniter->run()
10 SYSTEMPATH\Commands\Server\rewrite.php(47): require_once('C:\\laragon\\www\\music\\music\\public\\index.php')
CRITICAL - 2023-09-24 10:56:21 --> Undefined variable $music
in APPPATH\Views\music_all_in_one.php on line 34.
 1 APPPATH\Views\music_all_in_one.php(34): CodeIgniter\Debug\Exceptions->errorHandler(2, 'Undefined variable $music', 'C:\\laragon\\www\\music\\music\\app\\Views\\music_all_in_one.php', 34)
 2 SYSTEMPATH\View\View.php(226): include('C:\\laragon\\www\\music\\music\\app\\Views\\music_all_in_one.php')
 3 SYSTEMPATH\View\View.php(229): CodeIgniter\View\View->CodeIgniter\View\{closure}()
 4 SYSTEMPATH\Common.php(1188): CodeIgniter\View\View->render('music_all_in_one', [], true)
 5 APPPATH\Controllers\MusicController.php(84): view('music_all_in_one', [...])
 6 SYSTEMPATH\CodeIgniter.php(919): App\Controllers\MusicController->delete('14')
 7 SYSTEMPATH\CodeIgniter.php(494): CodeIgniter\CodeIgniter->runController(Object(App\Controllers\MusicController))
 8 SYSTEMPATH\CodeIgniter.php(353): CodeIgniter\CodeIgniter->handleRequest(null, Object(Config\Cache), false)
 9 FCPATH\index.php(79): CodeIgniter\CodeIgniter->run()
10 SYSTEMPATH\Commands\Server\rewrite.php(47): require_once('C:\\laragon\\www\\music\\music\\public\\index.php')
CRITICAL - 2023-09-24 10:56:24 --> Undefined variable $music
in APPPATH\Views\music_all_in_one.php on line 34.
 1 APPPATH\Views\music_all_in_one.php(34): CodeIgniter\Debug\Exceptions->errorHandler(2, 'Undefined variable $music', 'C:\\laragon\\www\\music\\music\\app\\Views\\music_all_in_one.php', 34)
 2 SYSTEMPATH\View\View.php(226): include('C:\\laragon\\www\\music\\music\\app\\Views\\music_all_in_one.php')
 3 SYSTEMPATH\View\View.php(229): CodeIgniter\View\View->CodeIgniter\View\{closure}()
 4 SYSTEMPATH\Common.php(1188): CodeIgniter\View\View->render('music_all_in_one', [], true)
 5 APPPATH\Controllers\MusicController.php(69): view('music_all_in_one', [...])
 6 SYSTEMPATH\CodeIgniter.php(919): App\Controllers\MusicController->play('14')
 7 SYSTEMPATH\CodeIgniter.php(494): CodeIgniter\CodeIgniter->runController(Object(App\Controllers\MusicController))
 8 SYSTEMPATH\CodeIgniter.php(353): CodeIgniter\CodeIgniter->handleRequest(null, Object(Config\Cache), false)
 9 FCPATH\index.php(79): CodeIgniter\CodeIgniter->run()
10 SYSTEMPATH\Commands\Server\rewrite.php(47): require_once('C:\\laragon\\www\\music\\music\\public\\index.php')
CRITICAL - 2023-09-24 11:00:46 --> Undefined variable $music
in APPPATH\Views\music_all_in_one.php on line 35.
 1 APPPATH\Views\music_all_in_one.php(35): CodeIgniter\Debug\Exceptions->errorHandler(2, 'Undefined variable $music', 'C:\\laragon\\www\\music\\music\\app\\Views\\music_all_in_one.php', 35)
 2 SYSTEMPATH\View\View.php(226): include('C:\\laragon\\www\\music\\music\\app\\Views\\music_all_in_one.php')
 3 SYSTEMPATH\View\View.php(229): CodeIgniter\View\View->CodeIgniter\View\{closure}()
 4 SYSTEMPATH\Common.php(1188): CodeIgniter\View\View->render('music_all_in_one', [], true)
 5 APPPATH\Controllers\MusicController.php(68): view('music_all_in_one', [...])
 6 SYSTEMPATH\CodeIgniter.php(919): App\Controllers\MusicController->play('12')
 7 SYSTEMPATH\CodeIgniter.php(494): CodeIgniter\CodeIgniter->runController(Object(App\Controllers\MusicController))
 8 SYSTEMPATH\CodeIgniter.php(353): CodeIgniter\CodeIgniter->handleRequest(null, Object(Config\Cache), false)
 9 FCPATH\index.php(79): CodeIgniter\CodeIgniter->run()
10 SYSTEMPATH\Commands\Server\rewrite.php(47): require_once('C:\\laragon\\www\\music\\music\\public\\index.php')
CRITICAL - 2023-09-24 11:04:31 --> Undefined variable $music
in APPPATH\Views\music_all_in_one.php on line 34.
 1 APPPATH\Views\music_all_in_one.php(34): CodeIgniter\Debug\Exceptions->errorHandler(2, 'Undefined variable $music', 'C:\\laragon\\www\\music\\music\\app\\Views\\music_all_in_one.php', 34)
 2 SYSTEMPATH\View\View.php(226): include('C:\\laragon\\www\\music\\music\\app\\Views\\music_all_in_one.php')
 3 SYSTEMPATH\View\View.php(229): CodeIgniter\View\View->CodeIgniter\View\{closure}()
 4 SYSTEMPATH\Common.php(1188): CodeIgniter\View\View->render('music_all_in_one', [], true)
 5 APPPATH\Controllers\MusicController.php(68): view('music_all_in_one', [...])
 6 SYSTEMPATH\CodeIgniter.php(919): App\Controllers\MusicController->play('12')
 7 SYSTEMPATH\CodeIgniter.php(494): CodeIgniter\CodeIgniter->runController(Object(App\Controllers\MusicController))
 8 SYSTEMPATH\CodeIgniter.php(353): CodeIgniter\CodeIgniter->handleRequest(null, Object(Config\Cache), false)
 9 FCPATH\index.php(79): CodeIgniter\CodeIgniter->run()
10 SYSTEMPATH\Commands\Server\rewrite.php(47): require_once('C:\\laragon\\www\\music\\music\\public\\index.php')
CRITICAL - 2023-09-24 11:14:07 --> Undefined variable $playlists
in APPPATH\Views\music_all_in_one.php on line 67.
 1 APPPATH\Views\music_all_in_one.php(67): CodeIgniter\Debug\Exceptions->errorHandler(2, 'Undefined variable $playlists', 'C:\\laragon\\www\\music\\music\\app\\Views\\music_all_in_one.php', 67)
 2 SYSTEMPATH\View\View.php(226): include('C:\\laragon\\www\\music\\music\\app\\Views\\music_all_in_one.php')
 3 SYSTEMPATH\View\View.php(229): CodeIgniter\View\View->CodeIgniter\View\{closure}()
 4 SYSTEMPATH\Common.php(1188): CodeIgniter\View\View->render('music_all_in_one', [], true)
 5 APPPATH\Controllers\MusicController.php(17): view('music_all_in_one', [...])
 6 SYSTEMPATH\CodeIgniter.php(919): App\Controllers\MusicController->index()
 7 SYSTEMPATH\CodeIgniter.php(494): CodeIgniter\CodeIgniter->runController(Object(App\Controllers\MusicController))
 8 SYSTEMPATH\CodeIgniter.php(353): CodeIgniter\CodeIgniter->handleRequest(null, Object(Config\Cache), false)
 9 FCPATH\index.php(79): CodeIgniter\CodeIgniter->run()
10 SYSTEMPATH\Commands\Server\rewrite.php(47): require_once('C:\\laragon\\www\\music\\music\\public\\index.php')
CRITICAL - 2023-09-24 11:15:46 --> Undefined variable $playlists
in APPPATH\Views\music_all_in_one.php on line 67.
 1 APPPATH\Views\music_all_in_one.php(67): CodeIgniter\Debug\Exceptions->errorHandler(2, 'Undefined variable $playlists', 'C:\\laragon\\www\\music\\music\\app\\Views\\music_all_in_one.php', 67)
 2 SYSTEMPATH\View\View.php(226): include('C:\\laragon\\www\\music\\music\\app\\Views\\music_all_in_one.php')
 3 SYSTEMPATH\View\View.php(229): CodeIgniter\View\View->CodeIgniter\View\{closure}()
 4 SYSTEMPATH\Common.php(1188): CodeIgniter\View\View->render('music_all_in_one', [], true)
 5 APPPATH\Controllers\MusicController.php(17): view('music_all_in_one', [...])
 6 SYSTEMPATH\CodeIgniter.php(919): App\Controllers\MusicController->index()
 7 SYSTEMPATH\CodeIgniter.php(494): CodeIgniter\CodeIgniter->runController(Object(App\Controllers\MusicController))
 8 SYSTEMPATH\CodeIgniter.php(353): CodeIgniter\CodeIgniter->handleRequest(null, Object(Config\Cache), false)
 9 FCPATH\index.php(79): CodeIgniter\CodeIgniter->run()
10 SYSTEMPATH\Commands\Server\rewrite.php(47): require_once('C:\\laragon\\www\\music\\music\\public\\index.php')
CRITICAL - 2023-09-24 11:15:47 --> Undefined variable $playlists
in APPPATH\Views\music_all_in_one.php on line 67.
 1 APPPATH\Views\music_all_in_one.php(67): CodeIgniter\Debug\Exceptions->errorHandler(2, 'Undefined variable $playlists', 'C:\\laragon\\www\\music\\music\\app\\Views\\music_all_in_one.php', 67)
 2 SYSTEMPATH\View\View.php(226): include('C:\\laragon\\www\\music\\music\\app\\Views\\music_all_in_one.php')
 3 SYSTEMPATH\View\View.php(229): CodeIgniter\View\View->CodeIgniter\View\{closure}()
 4 SYSTEMPATH\Common.php(1188): CodeIgniter\View\View->render('music_all_in_one', [], true)
 5 APPPATH\Controllers\MusicController.php(17): view('music_all_in_one', [...])
 6 SYSTEMPATH\CodeIgniter.php(919): App\Controllers\MusicController->index()
 7 SYSTEMPATH\CodeIgniter.php(494): CodeIgniter\CodeIgniter->runController(Object(App\Controllers\MusicController))
 8 SYSTEMPATH\CodeIgniter.php(353): CodeIgniter\CodeIgniter->handleRequest(null, Object(Config\Cache), false)
 9 FCPATH\index.php(79): CodeIgniter\CodeIgniter->run()
10 SYSTEMPATH\Commands\Server\rewrite.php(47): require_once('C:\\laragon\\www\\music\\music\\public\\index.php')
CRITICAL - 2023-09-24 11:15:47 --> Undefined variable $playlists
in APPPATH\Views\music_all_in_one.php on line 67.
 1 APPPATH\Views\music_all_in_one.php(67): CodeIgniter\Debug\Exceptions->errorHandler(2, 'Undefined variable $playlists', 'C:\\laragon\\www\\music\\music\\app\\Views\\music_all_in_one.php', 67)
 2 SYSTEMPATH\View\View.php(226): include('C:\\laragon\\www\\music\\music\\app\\Views\\music_all_in_one.php')
 3 SYSTEMPATH\View\View.php(229): CodeIgniter\View\View->CodeIgniter\View\{closure}()
 4 SYSTEMPATH\Common.php(1188): CodeIgniter\View\View->render('music_all_in_one', [], true)
 5 APPPATH\Controllers\MusicController.php(17): view('music_all_in_one', [...])
 6 SYSTEMPATH\CodeIgniter.php(919): App\Controllers\MusicController->index()
 7 SYSTEMPATH\CodeIgniter.php(494): CodeIgniter\CodeIgniter->runController(Object(App\Controllers\MusicController))
 8 SYSTEMPATH\CodeIgniter.php(353): CodeIgniter\CodeIgniter->handleRequest(null, Object(Config\Cache), false)
 9 FCPATH\index.php(79): CodeIgniter\CodeIgniter->run()
10 SYSTEMPATH\Commands\Server\rewrite.php(47): require_once('C:\\laragon\\www\\music\\music\\public\\index.php')
CRITICAL - 2023-09-24 11:15:47 --> Undefined variable $playlists
in APPPATH\Views\music_all_in_one.php on line 67.
 1 APPPATH\Views\music_all_in_one.php(67): CodeIgniter\Debug\Exceptions->errorHandler(2, 'Undefined variable $playlists', 'C:\\laragon\\www\\music\\music\\app\\Views\\music_all_in_one.php', 67)
 2 SYSTEMPATH\View\View.php(226): include('C:\\laragon\\www\\music\\music\\app\\Views\\music_all_in_one.php')
 3 SYSTEMPATH\View\View.php(229): CodeIgniter\View\View->CodeIgniter\View\{closure}()
 4 SYSTEMPATH\Common.php(1188): CodeIgniter\View\View->render('music_all_in_one', [], true)
 5 APPPATH\Controllers\MusicController.php(17): view('music_all_in_one', [...])
 6 SYSTEMPATH\CodeIgniter.php(919): App\Controllers\MusicController->index()
 7 SYSTEMPATH\CodeIgniter.php(494): CodeIgniter\CodeIgniter->runController(Object(App\Controllers\MusicController))
 8 SYSTEMPATH\CodeIgniter.php(353): CodeIgniter\CodeIgniter->handleRequest(null, Object(Config\Cache), false)
 9 FCPATH\index.php(79): CodeIgniter\CodeIgniter->run()
10 SYSTEMPATH\Commands\Server\rewrite.php(47): require_once('C:\\laragon\\www\\music\\music\\public\\index.php')
CRITICAL - 2023-09-24 11:15:48 --> Undefined variable $playlists
in APPPATH\Views\music_all_in_one.php on line 67.
 1 APPPATH\Views\music_all_in_one.php(67): CodeIgniter\Debug\Exceptions->errorHandler(2, 'Undefined variable $playlists', 'C:\\laragon\\www\\music\\music\\app\\Views\\music_all_in_one.php', 67)
 2 SYSTEMPATH\View\View.php(226): include('C:\\laragon\\www\\music\\music\\app\\Views\\music_all_in_one.php')
 3 SYSTEMPATH\View\View.php(229): CodeIgniter\View\View->CodeIgniter\View\{closure}()
 4 SYSTEMPATH\Common.php(1188): CodeIgniter\View\View->render('music_all_in_one', [], true)
 5 APPPATH\Controllers\MusicController.php(17): view('music_all_in_one', [...])
 6 SYSTEMPATH\CodeIgniter.php(919): App\Controllers\MusicController->index()
 7 SYSTEMPATH\CodeIgniter.php(494): CodeIgniter\CodeIgniter->runController(Object(App\Controllers\MusicController))
 8 SYSTEMPATH\CodeIgniter.php(353): CodeIgniter\CodeIgniter->handleRequest(null, Object(Config\Cache), false)
 9 FCPATH\index.php(79): CodeIgniter\CodeIgniter->run()
10 SYSTEMPATH\Commands\Server\rewrite.php(47): require_once('C:\\laragon\\www\\music\\music\\public\\index.php')
CRITICAL - 2023-09-24 11:15:48 --> Undefined variable $playlists
in APPPATH\Views\music_all_in_one.php on line 67.
 1 APPPATH\Views\music_all_in_one.php(67): CodeIgniter\Debug\Exceptions->errorHandler(2, 'Undefined variable $playlists', 'C:\\laragon\\www\\music\\music\\app\\Views\\music_all_in_one.php', 67)
 2 SYSTEMPATH\View\View.php(226): include('C:\\laragon\\www\\music\\music\\app\\Views\\music_all_in_one.php')
 3 SYSTEMPATH\View\View.php(229): CodeIgniter\View\View->CodeIgniter\View\{closure}()
 4 SYSTEMPATH\Common.php(1188): CodeIgniter\View\View->render('music_all_in_one', [], true)
 5 APPPATH\Controllers\MusicController.php(17): view('music_all_in_one', [...])
 6 SYSTEMPATH\CodeIgniter.php(919): App\Controllers\MusicController->index()
 7 SYSTEMPATH\CodeIgniter.php(494): CodeIgniter\CodeIgniter->runController(Object(App\Controllers\MusicController))
 8 SYSTEMPATH\CodeIgniter.php(353): CodeIgniter\CodeIgniter->handleRequest(null, Object(Config\Cache), false)
 9 FCPATH\index.php(79): CodeIgniter\CodeIgniter->run()
10 SYSTEMPATH\Commands\Server\rewrite.php(47): require_once('C:\\laragon\\www\\music\\music\\public\\index.php')
CRITICAL - 2023-09-24 11:15:48 --> Undefined variable $playlists
in APPPATH\Views\music_all_in_one.php on line 67.
 1 APPPATH\Views\music_all_in_one.php(67): CodeIgniter\Debug\Exceptions->errorHandler(2, 'Undefined variable $playlists', 'C:\\laragon\\www\\music\\music\\app\\Views\\music_all_in_one.php', 67)
 2 SYSTEMPATH\View\View.php(226): include('C:\\laragon\\www\\music\\music\\app\\Views\\music_all_in_one.php')
 3 SYSTEMPATH\View\View.php(229): CodeIgniter\View\View->CodeIgniter\View\{closure}()
 4 SYSTEMPATH\Common.php(1188): CodeIgniter\View\View->render('music_all_in_one', [], true)
 5 APPPATH\Controllers\MusicController.php(17): view('music_all_in_one', [...])
 6 SYSTEMPATH\CodeIgniter.php(919): App\Controllers\MusicController->index()
 7 SYSTEMPATH\CodeIgniter.php(494): CodeIgniter\CodeIgniter->runController(Object(App\Controllers\MusicController))
 8 SYSTEMPATH\CodeIgniter.php(353): CodeIgniter\CodeIgniter->handleRequest(null, Object(Config\Cache), false)
 9 FCPATH\index.php(79): CodeIgniter\CodeIgniter->run()
10 SYSTEMPATH\Commands\Server\rewrite.php(47): require_once('C:\\laragon\\www\\music\\music\\public\\index.php')
CRITICAL - 2023-09-24 11:15:48 --> Undefined variable $playlists
in APPPATH\Views\music_all_in_one.php on line 67.
 1 APPPATH\Views\music_all_in_one.php(67): CodeIgniter\Debug\Exceptions->errorHandler(2, 'Undefined variable $playlists', 'C:\\laragon\\www\\music\\music\\app\\Views\\music_all_in_one.php', 67)
 2 SYSTEMPATH\View\View.php(226): include('C:\\laragon\\www\\music\\music\\app\\Views\\music_all_in_one.php')
 3 SYSTEMPATH\View\View.php(229): CodeIgniter\View\View->CodeIgniter\View\{closure}()
 4 SYSTEMPATH\Common.php(1188): CodeIgniter\View\View->render('music_all_in_one', [], true)
 5 APPPATH\Controllers\MusicController.php(17): view('music_all_in_one', [...])
 6 SYSTEMPATH\CodeIgniter.php(919): App\Controllers\MusicController->index()
 7 SYSTEMPATH\CodeIgniter.php(494): CodeIgniter\CodeIgniter->runController(Object(App\Controllers\MusicController))
 8 SYSTEMPATH\CodeIgniter.php(353): CodeIgniter\CodeIgniter->handleRequest(null, Object(Config\Cache), false)
 9 FCPATH\index.php(79): CodeIgniter\CodeIgniter->run()
10 SYSTEMPATH\Commands\Server\rewrite.php(47): require_once('C:\\laragon\\www\\music\\music\\public\\index.php')
CRITICAL - 2023-09-24 11:15:48 --> Undefined variable $playlists
in APPPATH\Views\music_all_in_one.php on line 67.
 1 APPPATH\Views\music_all_in_one.php(67): CodeIgniter\Debug\Exceptions->errorHandler(2, 'Undefined variable $playlists', 'C:\\laragon\\www\\music\\music\\app\\Views\\music_all_in_one.php', 67)
 2 SYSTEMPATH\View\View.php(226): include('C:\\laragon\\www\\music\\music\\app\\Views\\music_all_in_one.php')
 3 SYSTEMPATH\View\View.php(229): CodeIgniter\View\View->CodeIgniter\View\{closure}()
 4 SYSTEMPATH\Common.php(1188): CodeIgniter\View\View->render('music_all_in_one', [], true)
 5 APPPATH\Controllers\MusicController.php(17): view('music_all_in_one', [...])
 6 SYSTEMPATH\CodeIgniter.php(919): App\Controllers\MusicController->index()
 7 SYSTEMPATH\CodeIgniter.php(494): CodeIgniter\CodeIgniter->runController(Object(App\Controllers\MusicController))
 8 SYSTEMPATH\CodeIgniter.php(353): CodeIgniter\CodeIgniter->handleRequest(null, Object(Config\Cache), false)
 9 FCPATH\index.php(79): CodeIgniter\CodeIgniter->run()
10 SYSTEMPATH\Commands\Server\rewrite.php(47): require_once('C:\\laragon\\www\\music\\music\\public\\index.php')
CRITICAL - 2023-09-24 11:15:48 --> Undefined variable $playlists
in APPPATH\Views\music_all_in_one.php on line 67.
 1 APPPATH\Views\music_all_in_one.php(67): CodeIgniter\Debug\Exceptions->errorHandler(2, 'Undefined variable $playlists', 'C:\\laragon\\www\\music\\music\\app\\Views\\music_all_in_one.php', 67)
 2 SYSTEMPATH\View\View.php(226): include('C:\\laragon\\www\\music\\music\\app\\Views\\music_all_in_one.php')
 3 SYSTEMPATH\View\View.php(229): CodeIgniter\View\View->CodeIgniter\View\{closure}()
 4 SYSTEMPATH\Common.php(1188): CodeIgniter\View\View->render('music_all_in_one', [], true)
 5 APPPATH\Controllers\MusicController.php(17): view('music_all_in_one', [...])
 6 SYSTEMPATH\CodeIgniter.php(919): App\Controllers\MusicController->index()
 7 SYSTEMPATH\CodeIgniter.php(494): CodeIgniter\CodeIgniter->runController(Object(App\Controllers\MusicController))
 8 SYSTEMPATH\CodeIgniter.php(353): CodeIgniter\CodeIgniter->handleRequest(null, Object(Config\Cache), false)
 9 FCPATH\index.php(79): CodeIgniter\CodeIgniter->run()
10 SYSTEMPATH\Commands\Server\rewrite.php(47): require_once('C:\\laragon\\www\\music\\music\\public\\index.php')
CRITICAL - 2023-09-24 11:15:48 --> Undefined variable $playlists
in APPPATH\Views\music_all_in_one.php on line 67.
 1 APPPATH\Views\music_all_in_one.php(67): CodeIgniter\Debug\Exceptions->errorHandler(2, 'Undefined variable $playlists', 'C:\\laragon\\www\\music\\music\\app\\Views\\music_all_in_one.php', 67)
 2 SYSTEMPATH\View\View.php(226): include('C:\\laragon\\www\\music\\music\\app\\Views\\music_all_in_one.php')
 3 SYSTEMPATH\View\View.php(229): CodeIgniter\View\View->CodeIgniter\View\{closure}()
 4 SYSTEMPATH\Common.php(1188): CodeIgniter\View\View->render('music_all_in_one', [], true)
 5 APPPATH\Controllers\MusicController.php(17): view('music_all_in_one', [...])
 6 SYSTEMPATH\CodeIgniter.php(919): App\Controllers\MusicController->index()
 7 SYSTEMPATH\CodeIgniter.php(494): CodeIgniter\CodeIgniter->runController(Object(App\Controllers\MusicController))
 8 SYSTEMPATH\CodeIgniter.php(353): CodeIgniter\CodeIgniter->handleRequest(null, Object(Config\Cache), false)
 9 FCPATH\index.php(79): CodeIgniter\CodeIgniter->run()
10 SYSTEMPATH\Commands\Server\rewrite.php(47): require_once('C:\\laragon\\www\\music\\music\\public\\index.php')
CRITICAL - 2023-09-24 11:16:31 --> Undefined variable $playlists
in APPPATH\Views\music_all_in_one.php on line 67.
 1 APPPATH\Views\music_all_in_one.php(67): CodeIgniter\Debug\Exceptions->errorHandler(2, 'Undefined variable $playlists', 'C:\\laragon\\www\\music\\music\\app\\Views\\music_all_in_one.php', 67)
 2 SYSTEMPATH\View\View.php(226): include('C:\\laragon\\www\\music\\music\\app\\Views\\music_all_in_one.php')
 3 SYSTEMPATH\View\View.php(229): CodeIgniter\View\View->CodeIgniter\View\{closure}()
 4 SYSTEMPATH\Common.php(1188): CodeIgniter\View\View->render('music_all_in_one', [], true)
 5 APPPATH\Controllers\MusicController.php(17): view('music_all_in_one', [...])
 6 SYSTEMPATH\CodeIgniter.php(919): App\Controllers\MusicController->index()
 7 SYSTEMPATH\CodeIgniter.php(494): CodeIgniter\CodeIgniter->runController(Object(App\Controllers\MusicController))
 8 SYSTEMPATH\CodeIgniter.php(353): CodeIgniter\CodeIgniter->handleRequest(null, Object(Config\Cache), false)
 9 FCPATH\index.php(79): CodeIgniter\CodeIgniter->run()
10 SYSTEMPATH\Commands\Server\rewrite.php(47): require_once('C:\\laragon\\www\\music\\music\\public\\index.php')
CRITICAL - 2023-09-24 11:26:38 --> Undefined variable $playlists
in APPPATH\Views\music_all_in_one.php on line 57.
 1 APPPATH\Views\music_all_in_one.php(57): CodeIgniter\Debug\Exceptions->errorHandler(2, 'Undefined variable $playlists', 'C:\\laragon\\www\\music\\music\\app\\Views\\music_all_in_one.php', 57)
 2 SYSTEMPATH\View\View.php(226): include('C:\\laragon\\www\\music\\music\\app\\Views\\music_all_in_one.php')
 3 SYSTEMPATH\View\View.php(229): CodeIgniter\View\View->CodeIgniter\View\{closure}()
 4 SYSTEMPATH\Common.php(1188): CodeIgniter\View\View->render('music_all_in_one', [...], true)
 5 APPPATH\Controllers\MusicController.php(20): view('music_all_in_one', [...], [...])
 6 SYSTEMPATH\CodeIgniter.php(919): App\Controllers\MusicController->index()
 7 SYSTEMPATH\CodeIgniter.php(494): CodeIgniter\CodeIgniter->runController(Object(App\Controllers\MusicController))
 8 SYSTEMPATH\CodeIgniter.php(353): CodeIgniter\CodeIgniter->handleRequest(null, Object(Config\Cache), false)
 9 FCPATH\index.php(79): CodeIgniter\CodeIgniter->run()
10 SYSTEMPATH\Commands\Server\rewrite.php(47): require_once('C:\\laragon\\www\\music\\music\\public\\index.php')
CRITICAL - 2023-09-24 11:27:01 --> Undefined variable $playlists
in APPPATH\Views\music_all_in_one.php on line 57.
 1 APPPATH\Views\music_all_in_one.php(57): CodeIgniter\Debug\Exceptions->errorHandler(2, 'Undefined variable $playlists', 'C:\\laragon\\www\\music\\music\\app\\Views\\music_all_in_one.php', 57)
 2 SYSTEMPATH\View\View.php(226): include('C:\\laragon\\www\\music\\music\\app\\Views\\music_all_in_one.php')
 3 SYSTEMPATH\View\View.php(229): CodeIgniter\View\View->CodeIgniter\View\{closure}()
 4 SYSTEMPATH\Common.php(1188): CodeIgniter\View\View->render('music_all_in_one', [], true)
 5 APPPATH\Controllers\MusicController.php(90): view('music_all_in_one', [...])
 6 SYSTEMPATH\CodeIgniter.php(919): App\Controllers\MusicController->delete('14')
 7 SYSTEMPATH\CodeIgniter.php(494): CodeIgniter\CodeIgniter->runController(Object(App\Controllers\MusicController))
 8 SYSTEMPATH\CodeIgniter.php(353): CodeIgniter\CodeIgniter->handleRequest(null, Object(Config\Cache), false)
 9 FCPATH\index.php(79): CodeIgniter\CodeIgniter->run()
10 SYSTEMPATH\Commands\Server\rewrite.php(47): require_once('C:\\laragon\\www\\music\\music\\public\\index.php')
CRITICAL - 2023-09-24 11:27:03 --> Undefined variable $playlists
in APPPATH\Views\music_all_in_one.php on line 57.
 1 APPPATH\Views\music_all_in_one.php(57): CodeIgniter\Debug\Exceptions->errorHandler(2, 'Undefined variable $playlists', 'C:\\laragon\\www\\music\\music\\app\\Views\\music_all_in_one.php', 57)
 2 SYSTEMPATH\View\View.php(226): include('C:\\laragon\\www\\music\\music\\app\\Views\\music_all_in_one.php')
 3 SYSTEMPATH\View\View.php(229): CodeIgniter\View\View->CodeIgniter\View\{closure}()
 4 SYSTEMPATH\Common.php(1188): CodeIgniter\View\View->render('music_all_in_one', [], true)
 5 APPPATH\Controllers\MusicController.php(90): view('music_all_in_one', [...])
 6 SYSTEMPATH\CodeIgniter.php(919): App\Controllers\MusicController->delete('12')
 7 SYSTEMPATH\CodeIgniter.php(494): CodeIgniter\CodeIgniter->runController(Object(App\Controllers\MusicController))
 8 SYSTEMPATH\CodeIgniter.php(353): CodeIgniter\CodeIgniter->handleRequest(null, Object(Config\Cache), false)
 9 FCPATH\index.php(79): CodeIgniter\CodeIgniter->run()
10 SYSTEMPATH\Commands\Server\rewrite.php(47): require_once('C:\\laragon\\www\\music\\music\\public\\index.php')
CRITICAL - 2023-09-24 11:27:41 --> Undefined variable $playlist
in APPPATH\Views\music_all_in_one.php on line 57.
 1 APPPATH\Views\music_all_in_one.php(57): CodeIgniter\Debug\Exceptions->errorHandler(2, 'Undefined variable $playlist', 'C:\\laragon\\www\\music\\music\\app\\Views\\music_all_in_one.php', 57)
 2 SYSTEMPATH\View\View.php(226): include('C:\\laragon\\www\\music\\music\\app\\Views\\music_all_in_one.php')
 3 SYSTEMPATH\View\View.php(229): CodeIgniter\View\View->CodeIgniter\View\{closure}()
 4 SYSTEMPATH\Common.php(1188): CodeIgniter\View\View->render('music_all_in_one', [], true)
 5 APPPATH\Controllers\MusicController.php(90): view('music_all_in_one', [...])
 6 SYSTEMPATH\CodeIgniter.php(919): App\Controllers\MusicController->delete('12')
 7 SYSTEMPATH\CodeIgniter.php(494): CodeIgniter\CodeIgniter->runController(Object(App\Controllers\MusicController))
 8 SYSTEMPATH\CodeIgniter.php(353): CodeIgniter\CodeIgniter->handleRequest(null, Object(Config\Cache), false)
 9 FCPATH\index.php(79): CodeIgniter\CodeIgniter->run()
10 SYSTEMPATH\Commands\Server\rewrite.php(47): require_once('C:\\laragon\\www\\music\\music\\public\\index.php')
CRITICAL - 2023-09-24 11:30:01 --> Undefined variable $playlist
in APPPATH\Views\music_all_in_one.php on line 57.
 1 APPPATH\Views\music_all_in_one.php(57): CodeIgniter\Debug\Exceptions->errorHandler(2, 'Undefined variable $playlist', 'C:\\laragon\\www\\music\\music\\app\\Views\\music_all_in_one.php', 57)
 2 SYSTEMPATH\View\View.php(226): include('C:\\laragon\\www\\music\\music\\app\\Views\\music_all_in_one.php')
 3 SYSTEMPATH\View\View.php(229): CodeIgniter\View\View->CodeIgniter\View\{closure}()
 4 SYSTEMPATH\Common.php(1188): CodeIgniter\View\View->render('music_all_in_one', [], true)
 5 APPPATH\Controllers\MusicController.php(88): view('music_all_in_one', [...])
 6 SYSTEMPATH\CodeIgniter.php(919): App\Controllers\MusicController->delete('12')
 7 SYSTEMPATH\CodeIgniter.php(494): CodeIgniter\CodeIgniter->runController(Object(App\Controllers\MusicController))
 8 SYSTEMPATH\CodeIgniter.php(353): CodeIgniter\CodeIgniter->handleRequest(null, Object(Config\Cache), false)
 9 FCPATH\index.php(79): CodeIgniter\CodeIgniter->run()
10 SYSTEMPATH\Commands\Server\rewrite.php(47): require_once('C:\\laragon\\www\\music\\music\\public\\index.php')
CRITICAL - 2023-09-24 11:32:15 --> Undefined variable $playlist
in APPPATH\Views\music_all_in_one.php on line 57.
 1 APPPATH\Views\music_all_in_one.php(57): CodeIgniter\Debug\Exceptions->errorHandler(2, 'Undefined variable $playlist', 'C:\\laragon\\www\\music\\music\\app\\Views\\music_all_in_one.php', 57)
 2 SYSTEMPATH\View\View.php(226): include('C:\\laragon\\www\\music\\music\\app\\Views\\music_all_in_one.php')
 3 SYSTEMPATH\View\View.php(229): CodeIgniter\View\View->CodeIgniter\View\{closure}()
 4 SYSTEMPATH\Common.php(1188): CodeIgniter\View\View->render('music_all_in_one', [], true)
 5 APPPATH\Controllers\MusicController.php(89): view('music_all_in_one', [...])
 6 SYSTEMPATH\CodeIgniter.php(919): App\Controllers\MusicController->delete('12')
 7 SYSTEMPATH\CodeIgniter.php(494): CodeIgniter\CodeIgniter->runController(Object(App\Controllers\MusicController))
 8 SYSTEMPATH\CodeIgniter.php(353): CodeIgniter\CodeIgniter->handleRequest(null, Object(Config\Cache), false)
 9 FCPATH\index.php(79): CodeIgniter\CodeIgniter->run()
10 SYSTEMPATH\Commands\Server\rewrite.php(47): require_once('C:\\laragon\\www\\music\\music\\public\\index.php')
CRITICAL - 2023-09-24 11:32:16 --> Undefined variable $playlist
in APPPATH\Views\music_all_in_one.php on line 57.
 1 APPPATH\Views\music_all_in_one.php(57): CodeIgniter\Debug\Exceptions->errorHandler(2, 'Undefined variable $playlist', 'C:\\laragon\\www\\music\\music\\app\\Views\\music_all_in_one.php', 57)
 2 SYSTEMPATH\View\View.php(226): include('C:\\laragon\\www\\music\\music\\app\\Views\\music_all_in_one.php')
 3 SYSTEMPATH\View\View.php(229): CodeIgniter\View\View->CodeIgniter\View\{closure}()
 4 SYSTEMPATH\Common.php(1188): CodeIgniter\View\View->render('music_all_in_one', [], true)
 5 APPPATH\Controllers\MusicController.php(89): view('music_all_in_one', [...])
 6 SYSTEMPATH\CodeIgniter.php(919): App\Controllers\MusicController->delete('12')
 7 SYSTEMPATH\CodeIgniter.php(494): CodeIgniter\CodeIgniter->runController(Object(App\Controllers\MusicController))
 8 SYSTEMPATH\CodeIgniter.php(353): CodeIgniter\CodeIgniter->handleRequest(null, Object(Config\Cache), false)
 9 FCPATH\index.php(79): CodeIgniter\CodeIgniter->run()
10 SYSTEMPATH\Commands\Server\rewrite.php(47): require_once('C:\\laragon\\www\\music\\music\\public\\index.php')
CRITICAL - 2023-09-24 11:32:16 --> Undefined variable $playlist
in APPPATH\Views\music_all_in_one.php on line 57.
 1 APPPATH\Views\music_all_in_one.php(57): CodeIgniter\Debug\Exceptions->errorHandler(2, 'Undefined variable $playlist', 'C:\\laragon\\www\\music\\music\\app\\Views\\music_all_in_one.php', 57)
 2 SYSTEMPATH\View\View.php(226): include('C:\\laragon\\www\\music\\music\\app\\Views\\music_all_in_one.php')
 3 SYSTEMPATH\View\View.php(229): CodeIgniter\View\View->CodeIgniter\View\{closure}()
 4 SYSTEMPATH\Common.php(1188): CodeIgniter\View\View->render('music_all_in_one', [], true)
 5 APPPATH\Controllers\MusicController.php(89): view('music_all_in_one', [...])
 6 SYSTEMPATH\CodeIgniter.php(919): App\Controllers\MusicController->delete('12')
 7 SYSTEMPATH\CodeIgniter.php(494): CodeIgniter\CodeIgniter->runController(Object(App\Controllers\MusicController))
 8 SYSTEMPATH\CodeIgniter.php(353): CodeIgniter\CodeIgniter->handleRequest(null, Object(Config\Cache), false)
 9 FCPATH\index.php(79): CodeIgniter\CodeIgniter->run()
10 SYSTEMPATH\Commands\Server\rewrite.php(47): require_once('C:\\laragon\\www\\music\\music\\public\\index.php')
CRITICAL - 2023-09-24 11:32:17 --> Undefined variable $playlist
in APPPATH\Views\music_all_in_one.php on line 57.
 1 APPPATH\Views\music_all_in_one.php(57): CodeIgniter\Debug\Exceptions->errorHandler(2, 'Undefined variable $playlist', 'C:\\laragon\\www\\music\\music\\app\\Views\\music_all_in_one.php', 57)
 2 SYSTEMPATH\View\View.php(226): include('C:\\laragon\\www\\music\\music\\app\\Views\\music_all_in_one.php')
 3 SYSTEMPATH\View\View.php(229): CodeIgniter\View\View->CodeIgniter\View\{closure}()
 4 SYSTEMPATH\Common.php(1188): CodeIgniter\View\View->render('music_all_in_one', [], true)
 5 APPPATH\Controllers\MusicController.php(89): view('music_all_in_one', [...])
 6 SYSTEMPATH\CodeIgniter.php(919): App\Controllers\MusicController->delete('12')
 7 SYSTEMPATH\CodeIgniter.php(494): CodeIgniter\CodeIgniter->runController(Object(App\Controllers\MusicController))
 8 SYSTEMPATH\CodeIgniter.php(353): CodeIgniter\CodeIgniter->handleRequest(null, Object(Config\Cache), false)
 9 FCPATH\index.php(79): CodeIgniter\CodeIgniter->run()
10 SYSTEMPATH\Commands\Server\rewrite.php(47): require_once('C:\\laragon\\www\\music\\music\\public\\index.php')
CRITICAL - 2023-09-24 11:32:17 --> Undefined variable $playlist
in APPPATH\Views\music_all_in_one.php on line 57.
 1 APPPATH\Views\music_all_in_one.php(57): CodeIgniter\Debug\Exceptions->errorHandler(2, 'Undefined variable $playlist', 'C:\\laragon\\www\\music\\music\\app\\Views\\music_all_in_one.php', 57)
 2 SYSTEMPATH\View\View.php(226): include('C:\\laragon\\www\\music\\music\\app\\Views\\music_all_in_one.php')
 3 SYSTEMPATH\View\View.php(229): CodeIgniter\View\View->CodeIgniter\View\{closure}()
 4 SYSTEMPATH\Common.php(1188): CodeIgniter\View\View->render('music_all_in_one', [], true)
 5 APPPATH\Controllers\MusicController.php(89): view('music_all_in_one', [...])
 6 SYSTEMPATH\CodeIgniter.php(919): App\Controllers\MusicController->delete('12')
 7 SYSTEMPATH\CodeIgniter.php(494): CodeIgniter\CodeIgniter->runController(Object(App\Controllers\MusicController))
 8 SYSTEMPATH\CodeIgniter.php(353): CodeIgniter\CodeIgniter->handleRequest(null, Object(Config\Cache), false)
 9 FCPATH\index.php(79): CodeIgniter\CodeIgniter->run()
10 SYSTEMPATH\Commands\Server\rewrite.php(47): require_once('C:\\laragon\\www\\music\\music\\public\\index.php')
CRITICAL - 2023-09-24 11:32:17 --> Undefined variable $playlist
in APPPATH\Views\music_all_in_one.php on line 57.
 1 APPPATH\Views\music_all_in_one.php(57): CodeIgniter\Debug\Exceptions->errorHandler(2, 'Undefined variable $playlist', 'C:\\laragon\\www\\music\\music\\app\\Views\\music_all_in_one.php', 57)
 2 SYSTEMPATH\View\View.php(226): include('C:\\laragon\\www\\music\\music\\app\\Views\\music_all_in_one.php')
 3 SYSTEMPATH\View\View.php(229): CodeIgniter\View\View->CodeIgniter\View\{closure}()
 4 SYSTEMPATH\Common.php(1188): CodeIgniter\View\View->render('music_all_in_one', [], true)
 5 APPPATH\Controllers\MusicController.php(89): view('music_all_in_one', [...])
 6 SYSTEMPATH\CodeIgniter.php(919): App\Controllers\MusicController->delete('12')
 7 SYSTEMPATH\CodeIgniter.php(494): CodeIgniter\CodeIgniter->runController(Object(App\Controllers\MusicController))
 8 SYSTEMPATH\CodeIgniter.php(353): CodeIgniter\CodeIgniter->handleRequest(null, Object(Config\Cache), false)
 9 FCPATH\index.php(79): CodeIgniter\CodeIgniter->run()
10 SYSTEMPATH\Commands\Server\rewrite.php(47): require_once('C:\\laragon\\www\\music\\music\\public\\index.php')
CRITICAL - 2023-09-24 11:32:17 --> Undefined variable $playlist
in APPPATH\Views\music_all_in_one.php on line 57.
 1 APPPATH\Views\music_all_in_one.php(57): CodeIgniter\Debug\Exceptions->errorHandler(2, 'Undefined variable $playlist', 'C:\\laragon\\www\\music\\music\\app\\Views\\music_all_in_one.php', 57)
 2 SYSTEMPATH\View\View.php(226): include('C:\\laragon\\www\\music\\music\\app\\Views\\music_all_in_one.php')
 3 SYSTEMPATH\View\View.php(229): CodeIgniter\View\View->CodeIgniter\View\{closure}()
 4 SYSTEMPATH\Common.php(1188): CodeIgniter\View\View->render('music_all_in_one', [], true)
 5 APPPATH\Controllers\MusicController.php(89): view('music_all_in_one', [...])
 6 SYSTEMPATH\CodeIgniter.php(919): App\Controllers\MusicController->delete('12')
 7 SYSTEMPATH\CodeIgniter.php(494): CodeIgniter\CodeIgniter->runController(Object(App\Controllers\MusicController))
 8 SYSTEMPATH\CodeIgniter.php(353): CodeIgniter\CodeIgniter->handleRequest(null, Object(Config\Cache), false)
 9 FCPATH\index.php(79): CodeIgniter\CodeIgniter->run()
10 SYSTEMPATH\Commands\Server\rewrite.php(47): require_once('C:\\laragon\\www\\music\\music\\public\\index.php')
CRITICAL - 2023-09-24 11:41:36 --> Invalid file: "music_play.php"
in SYSTEMPATH\Exceptions\FrameworkException.php on line 39.
 1 SYSTEMPATH\View\View.php(214): CodeIgniter\Exceptions\FrameworkException::forInvalidFile('music_play.php')
 2 SYSTEMPATH\Common.php(1188): CodeIgniter\View\View->render('music_play', [], true)
 3 APPPATH\Controllers\MusicController.php(74): view('music_play', [...])
 4 SYSTEMPATH\CodeIgniter.php(919): App\Controllers\MusicController->play('23')
 5 SYSTEMPATH\CodeIgniter.php(494): CodeIgniter\CodeIgniter->runController(Object(App\Controllers\MusicController))
 6 SYSTEMPATH\CodeIgniter.php(353): CodeIgniter\CodeIgniter->handleRequest(null, Object(Config\Cache), false)
 7 FCPATH\index.php(79): CodeIgniter\CodeIgniter->run()
 8 SYSTEMPATH\Commands\Server\rewrite.php(47): require_once('C:\\laragon\\www\\music\\music\\public\\index.php')
CRITICAL - 2023-09-24 11:59:10 --> Call to a member function getRandomName() on null
in APPPATH\Controllers\MusicController.php on line 43.
 1 SYSTEMPATH\CodeIgniter.php(919): App\Controllers\MusicController->upload()
 2 SYSTEMPATH\CodeIgniter.php(494): CodeIgniter\CodeIgniter->runController(Object(App\Controllers\MusicController))
 3 SYSTEMPATH\CodeIgniter.php(353): CodeIgniter\CodeIgniter->handleRequest(null, Object(Config\Cache), false)
 4 FCPATH\index.php(79): CodeIgniter\CodeIgniter->run()
 5 SYSTEMPATH\Commands\Server\rewrite.php(47): require_once('C:\\laragon\\www\\music\\music\\public\\index.php')
CRITICAL - 2023-09-24 12:02:08 --> Invalid file: "play_music.php"
in SYSTEMPATH\Exceptions\FrameworkException.php on line 39.
 1 SYSTEMPATH\View\View.php(214): CodeIgniter\Exceptions\FrameworkException::forInvalidFile('play_music.php')
 2 SYSTEMPATH\Common.php(1188): CodeIgniter\View\View->render('play_music', [], true)
 3 APPPATH\Controllers\MusicController.php(75): view('play_music', [...])
 4 SYSTEMPATH\CodeIgniter.php(919): App\Controllers\MusicController->play('14')
 5 SYSTEMPATH\CodeIgniter.php(494): CodeIgniter\CodeIgniter->runController(Object(App\Controllers\MusicController))
 6 SYSTEMPATH\CodeIgniter.php(353): CodeIgniter\CodeIgniter->handleRequest(null, Object(Config\Cache), false)
 7 FCPATH\index.php(79): CodeIgniter\CodeIgniter->run()
 8 SYSTEMPATH\Commands\Server\rewrite.php(47): require_once('C:\\laragon\\www\\music\\music\\public\\index.php')
CRITICAL - 2023-09-24 12:02:28 --> Invalid file: "play_music.php"
in SYSTEMPATH\Exceptions\FrameworkException.php on line 39.
 1 SYSTEMPATH\View\View.php(214): CodeIgniter\Exceptions\FrameworkException::forInvalidFile('play_music.php')
 2 SYSTEMPATH\Common.php(1188): CodeIgniter\View\View->render('play_music', [], true)
 3 APPPATH\Controllers\MusicController.php(75): view('play_music', [...])
 4 SYSTEMPATH\CodeIgniter.php(919): App\Controllers\MusicController->play('14')
 5 SYSTEMPATH\CodeIgniter.php(494): CodeIgniter\CodeIgniter->runController(Object(App\Controllers\MusicController))
 6 SYSTEMPATH\CodeIgniter.php(353): CodeIgniter\CodeIgniter->handleRequest(null, Object(Config\Cache), false)
 7 FCPATH\index.php(79): CodeIgniter\CodeIgniter->run()
 8 SYSTEMPATH\Commands\Server\rewrite.php(47): require_once('C:\\laragon\\www\\music\\music\\public\\index.php')
CRITICAL - 2023-09-24 12:02:31 --> Invalid file: "play_music.php"
in SYSTEMPATH\Exceptions\FrameworkException.php on line 39.
 1 SYSTEMPATH\View\View.php(214): CodeIgniter\Exceptions\FrameworkException::forInvalidFile('play_music.php')
 2 SYSTEMPATH\Common.php(1188): CodeIgniter\View\View->render('play_music', [], true)
 3 APPPATH\Controllers\MusicController.php(75): view('play_music', [...])
 4 SYSTEMPATH\CodeIgniter.php(919): App\Controllers\MusicController->play('14')
 5 SYSTEMPATH\CodeIgniter.php(494): CodeIgniter\CodeIgniter->runController(Object(App\Controllers\MusicController))
 6 SYSTEMPATH\CodeIgniter.php(353): CodeIgniter\CodeIgniter->handleRequest(null, Object(Config\Cache), false)
 7 FCPATH\index.php(79): CodeIgniter\CodeIgniter->run()
 8 SYSTEMPATH\Commands\Server\rewrite.php(47): require_once('C:\\laragon\\www\\music\\music\\public\\index.php')
CRITICAL - 2023-09-24 12:15:46 --> Undefined array key "mime_type"
in APPPATH\Views\music_all_in_one.php on line 90.
 1 APPPATH\Views\music_all_in_one.php(90): CodeIgniter\Debug\Exceptions->errorHandler(2, 'Undefined array key "mime_type"', 'C:\\laragon\\www\\music\\music\\app\\Views\\music_all_in_one.php', 90)
 2 SYSTEMPATH\View\View.php(226): include('C:\\laragon\\www\\music\\music\\app\\Views\\music_all_in_one.php')
 3 SYSTEMPATH\View\View.php(229): CodeIgniter\View\View->CodeIgniter\View\{closure}()
 4 SYSTEMPATH\Common.php(1188): CodeIgniter\View\View->render('music_all_in_one', [], true)
 5 APPPATH\Controllers\MusicController.php(75): view('music_all_in_one', [...])
 6 SYSTEMPATH\CodeIgniter.php(919): App\Controllers\MusicController->play('34')
 7 SYSTEMPATH\CodeIgniter.php(494): CodeIgniter\CodeIgniter->runController(Object(App\Controllers\MusicController))
 8 SYSTEMPATH\CodeIgniter.php(353): CodeIgniter\CodeIgniter->handleRequest(null, Object(Config\Cache), false)
 9 FCPATH\index.php(79): CodeIgniter\CodeIgniter->run()
10 SYSTEMPATH\Commands\Server\rewrite.php(47): require_once('C:\\laragon\\www\\music\\music\\public\\index.php')
CRITICAL - 2023-09-24 12:26:18 --> Invalid file: "music_play.php"
in SYSTEMPATH\Exceptions\FrameworkException.php on line 39.
 1 SYSTEMPATH\View\View.php(214): CodeIgniter\Exceptions\FrameworkException::forInvalidFile('music_play.php')
 2 SYSTEMPATH\Common.php(1188): CodeIgniter\View\View->render('music_play', [], true)
 3 APPPATH\Controllers\MusicController.php(61): view('music_play', [...])
 4 SYSTEMPATH\CodeIgniter.php(919): App\Controllers\MusicController->play('37')
 5 SYSTEMPATH\CodeIgniter.php(494): CodeIgniter\CodeIgniter->runController(Object(App\Controllers\MusicController))
 6 SYSTEMPATH\CodeIgniter.php(353): CodeIgniter\CodeIgniter->handleRequest(null, Object(Config\Cache), false)
 7 FCPATH\index.php(79): CodeIgniter\CodeIgniter->run()
 8 SYSTEMPATH\Commands\Server\rewrite.php(47): require_once('C:\\laragon\\www\\music\\music\\public\\index.php')
CRITICAL - 2023-09-24 12:28:08 --> Invalid file: "music_play.php"
in SYSTEMPATH\Exceptions\FrameworkException.php on line 39.
 1 SYSTEMPATH\View\View.php(214): CodeIgniter\Exceptions\FrameworkException::forInvalidFile('music_play.php')
 2 SYSTEMPATH\Common.php(1188): CodeIgniter\View\View->render('music_play', [], true)
 3 APPPATH\Controllers\MusicController.php(61): view('music_play', [...])
 4 SYSTEMPATH\CodeIgniter.php(919): App\Controllers\MusicController->play('37')
 5 SYSTEMPATH\CodeIgniter.php(494): CodeIgniter\CodeIgniter->runController(Object(App\Controllers\MusicController))
 6 SYSTEMPATH\CodeIgniter.php(353): CodeIgniter\CodeIgniter->handleRequest(null, Object(Config\Cache), false)
 7 FCPATH\index.php(79): CodeIgniter\CodeIgniter->run()
 8 SYSTEMPATH\Commands\Server\rewrite.php(47): require_once('C:\\laragon\\www\\music\\music\\public\\index.php')
CRITICAL - 2023-09-24 12:28:08 --> Invalid file: "music_play.php"
in SYSTEMPATH\Exceptions\FrameworkException.php on line 39.
 1 SYSTEMPATH\View\View.php(214): CodeIgniter\Exceptions\FrameworkException::forInvalidFile('music_play.php')
 2 SYSTEMPATH\Common.php(1188): CodeIgniter\View\View->render('music_play', [], true)
 3 APPPATH\Controllers\MusicController.php(61): view('music_play', [...])
 4 SYSTEMPATH\CodeIgniter.php(919): App\Controllers\MusicController->play('37')
 5 SYSTEMPATH\CodeIgniter.php(494): CodeIgniter\CodeIgniter->runController(Object(App\Controllers\MusicController))
 6 SYSTEMPATH\CodeIgniter.php(353): CodeIgniter\CodeIgniter->handleRequest(null, Object(Config\Cache), false)
 7 FCPATH\index.php(79): CodeIgniter\CodeIgniter->run()
 8 SYSTEMPATH\Commands\Server\rewrite.php(47): require_once('C:\\laragon\\www\\music\\music\\public\\index.php')
