CRITICAL - 2023-09-23 14:07:42 --> Undefined variable $music
in APPPATH\Views\ms.php on line 14.
 1 APPPATH\Views\ms.php(14): CodeIgniter\Debug\Exceptions->errorHandler(2, 'Undefined variable $music', 'C:\\laragon\\www\\music\\music\\app\\Views\\ms.php', 14)
 2 SYSTEMPATH\View\View.php(226): include('C:\\laragon\\www\\music\\music\\app\\Views\\ms.php')
 3 SYSTEMPATH\View\View.php(229): CodeIgniter\View\View->CodeIgniter\View\{closure}()
 4 SYSTEMPATH\Common.php(1188): CodeIgniter\View\View->render('ms', [], true)
 5 APPPATH\Controllers\MusicController.php(10): view('ms')
 6 SYSTEMPATH\CodeIgniter.php(919): App\Controllers\MusicController->music()
 7 SYSTEMPATH\CodeIgniter.php(494): CodeIgniter\CodeIgniter->runController(Object(App\Controllers\MusicController))
 8 SYSTEMPATH\CodeIgniter.php(353): CodeIgniter\CodeIgniter->handleRequest(null, Object(Config\Cache), false)
 9 FCPATH\index.php(79): CodeIgniter\CodeIgniter->run()
10 SYSTEMPATH\Commands\Server\rewrite.php(47): require_once('C:\\laragon\\www\\music\\music\\public\\index.php')
CRITICAL - 2023-09-23 14:15:39 --> Call to undefined function form_open_multipart()
in APPPATH\Views\music_all_in_one.php on line 25.
 1 SYSTEMPATH\View\View.php(226): include()
 2 SYSTEMPATH\View\View.php(229): CodeIgniter\View\View->CodeIgniter\View\{closure}()
 3 SYSTEMPATH\Common.php(1188): CodeIgniter\View\View->render('music_all_in_one', [], true)
 4 APPPATH\Controllers\MusicController.php(16): view('music_all_in_one', [...])
 5 SYSTEMPATH\CodeIgniter.php(919): App\Controllers\MusicController->index()
 6 SYSTEMPATH\CodeIgniter.php(494): CodeIgniter\CodeIgniter->runController(Object(App\Controllers\MusicController))
 7 SYSTEMPATH\CodeIgniter.php(353): CodeIgniter\CodeIgniter->handleRequest(null, Object(Config\Cache), false)
 8 FCPATH\index.php(79): CodeIgniter\CodeIgniter->run()
 9 SYSTEMPATH\Commands\Server\rewrite.php(47): require_once('C:\\laragon\\www\\music\\music\\public\\index.php')
CRITICAL - 2023-09-23 14:20:27 --> Undefined variable $music
in APPPATH\Views\music_all_in_one.php on line 14.
 1 APPPATH\Views\music_all_in_one.php(14): CodeIgniter\Debug\Exceptions->errorHandler(2, 'Undefined variable $music', 'C:\\laragon\\www\\music\\music\\app\\Views\\music_all_in_one.php', 14)
 2 SYSTEMPATH\View\View.php(226): include('C:\\laragon\\www\\music\\music\\app\\Views\\music_all_in_one.php')
 3 SYSTEMPATH\View\View.php(229): CodeIgniter\View\View->CodeIgniter\View\{closure}()
 4 SYSTEMPATH\Common.php(1188): CodeIgniter\View\View->render('music_all_in_one', [], true)
 5 APPPATH\Controllers\MusicController.php(65): view('music_all_in_one', [...])
 6 SYSTEMPATH\CodeIgniter.php(919): App\Controllers\MusicController->play('1')
 7 SYSTEMPATH\CodeIgniter.php(494): CodeIgniter\CodeIgniter->runController(Object(App\Controllers\MusicController))
 8 SYSTEMPATH\CodeIgniter.php(353): CodeIgniter\CodeIgniter->handleRequest(null, Object(Config\Cache), false)
 9 FCPATH\index.php(79): CodeIgniter\CodeIgniter->run()
10 SYSTEMPATH\Commands\Server\rewrite.php(47): require_once('C:\\laragon\\www\\music\\music\\public\\index.php')
CRITICAL - 2023-09-23 14:21:30 --> Undefined variable $music
in APPPATH\Views\music_all_in_one.php on line 14.
 1 APPPATH\Views\music_all_in_one.php(14): CodeIgniter\Debug\Exceptions->errorHandler(2, 'Undefined variable $music', 'C:\\laragon\\www\\music\\music\\app\\Views\\music_all_in_one.php', 14)
 2 SYSTEMPATH\View\View.php(226): include('C:\\laragon\\www\\music\\music\\app\\Views\\music_all_in_one.php')
 3 SYSTEMPATH\View\View.php(229): CodeIgniter\View\View->CodeIgniter\View\{closure}()
 4 SYSTEMPATH\Common.php(1188): CodeIgniter\View\View->render('music_all_in_one', [], true)
 5 APPPATH\Controllers\MusicController.php(66): view('music_all_in_one', [...])
 6 SYSTEMPATH\CodeIgniter.php(919): App\Controllers\MusicController->play('1')
 7 SYSTEMPATH\CodeIgniter.php(494): CodeIgniter\CodeIgniter->runController(Object(App\Controllers\MusicController))
 8 SYSTEMPATH\CodeIgniter.php(353): CodeIgniter\CodeIgniter->handleRequest(null, Object(Config\Cache), false)
 9 FCPATH\index.php(79): CodeIgniter\CodeIgniter->run()
10 SYSTEMPATH\Commands\Server\rewrite.php(47): require_once('C:\\laragon\\www\\music\\music\\public\\index.php')
CRITICAL - 2023-09-23 14:22:35 --> Undefined variable $music
in APPPATH\Views\music_all_in_one.php on line 14.
 1 APPPATH\Views\music_all_in_one.php(14): CodeIgniter\Debug\Exceptions->errorHandler(2, 'Undefined variable $music', 'C:\\laragon\\www\\music\\music\\app\\Views\\music_all_in_one.php', 14)
 2 SYSTEMPATH\View\View.php(226): include('C:\\laragon\\www\\music\\music\\app\\Views\\music_all_in_one.php')
 3 SYSTEMPATH\View\View.php(229): CodeIgniter\View\View->CodeIgniter\View\{closure}()
 4 SYSTEMPATH\Common.php(1188): CodeIgniter\View\View->render('music_all_in_one', [], true)
 5 APPPATH\Controllers\MusicController.php(80): view('music_all_in_one', [...])
 6 SYSTEMPATH\CodeIgniter.php(919): App\Controllers\MusicController->delete('1')
 7 SYSTEMPATH\CodeIgniter.php(494): CodeIgniter\CodeIgniter->runController(Object(App\Controllers\MusicController))
 8 SYSTEMPATH\CodeIgniter.php(353): CodeIgniter\CodeIgniter->handleRequest(null, Object(Config\Cache), false)
 9 FCPATH\index.php(79): CodeIgniter\CodeIgniter->run()
10 SYSTEMPATH\Commands\Server\rewrite.php(47): require_once('C:\\laragon\\www\\music\\music\\public\\index.php')
CRITICAL - 2023-09-23 14:45:49 --> Undefined array key "playlist"
in APPPATH\Views\music_all_in_one.php on line 156.
 1 APPPATH\Views\music_all_in_one.php(156): CodeIgniter\Debug\Exceptions->errorHandler(2, 'Undefined array key "playlist"', 'C:\\laragon\\www\\music\\music\\app\\Views\\music_all_in_one.php', 156)
 2 SYSTEMPATH\View\View.php(226): include('C:\\laragon\\www\\music\\music\\app\\Views\\music_all_in_one.php')
 3 SYSTEMPATH\View\View.php(229): CodeIgniter\View\View->CodeIgniter\View\{closure}()
 4 SYSTEMPATH\Common.php(1188): CodeIgniter\View\View->render('music_all_in_one', [], true)
 5 APPPATH\Controllers\MusicController.php(16): view('music_all_in_one', [...])
 6 SYSTEMPATH\CodeIgniter.php(919): App\Controllers\MusicController->index()
 7 SYSTEMPATH\CodeIgniter.php(494): CodeIgniter\CodeIgniter->runController(Object(App\Controllers\MusicController))
 8 SYSTEMPATH\CodeIgniter.php(353): CodeIgniter\CodeIgniter->handleRequest(null, Object(Config\Cache), false)
 9 FCPATH\index.php(79): CodeIgniter\CodeIgniter->run()
10 SYSTEMPATH\Commands\Server\rewrite.php(47): require_once('C:\\laragon\\www\\music\\music\\public\\index.php')
CRITICAL - 2023-09-23 14:46:35 --> Undefined array key "playlist"
in APPPATH\Views\music_all_in_one.php on line 156.
 1 APPPATH\Views\music_all_in_one.php(156): CodeIgniter\Debug\Exceptions->errorHandler(2, 'Undefined array key "playlist"', 'C:\\laragon\\www\\music\\music\\app\\Views\\music_all_in_one.php', 156)
 2 SYSTEMPATH\View\View.php(226): include('C:\\laragon\\www\\music\\music\\app\\Views\\music_all_in_one.php')
 3 SYSTEMPATH\View\View.php(229): CodeIgniter\View\View->CodeIgniter\View\{closure}()
 4 SYSTEMPATH\Common.php(1188): CodeIgniter\View\View->render('music_all_in_one', [], true)
 5 APPPATH\Controllers\MusicController.php(16): view('music_all_in_one', [...])
 6 SYSTEMPATH\CodeIgniter.php(919): App\Controllers\MusicController->index()
 7 SYSTEMPATH\CodeIgniter.php(494): CodeIgniter\CodeIgniter->runController(Object(App\Controllers\MusicController))
 8 SYSTEMPATH\CodeIgniter.php(353): CodeIgniter\CodeIgniter->handleRequest(null, Object(Config\Cache), false)
 9 FCPATH\index.php(79): CodeIgniter\CodeIgniter->run()
10 SYSTEMPATH\Commands\Server\rewrite.php(47): require_once('C:\\laragon\\www\\music\\music\\public\\index.php')
